<?xml version="1.0" encoding="UTF-8"?>
<testng-results skipped="0" failed="0" total="1" passed="1">
  <reporter-output>
  </reporter-output>
  <suite name="Default suite" duration-ms="57909" started-at="2017-09-21T00:42:38Z" finished-at="2017-09-21T00:43:36Z">
    <groups>
    </groups>
    <test name="Default test" duration-ms="57909" started-at="2017-09-21T00:42:38Z" finished-at="2017-09-21T00:43:36Z">
      <class name="tests.SeleniumMethods">
        <test-method status="PASS" signature="startReport()[pri:0, instance:tests.SeleniumMethods@65e2dbf3]" name="startReport" is-config="true" duration-ms="75" started-at="2017-09-20T17:42:38Z" finished-at="2017-09-20T17:42:38Z">
          <reporter-output>
          </reporter-output>
        </test-method> <!-- startReport -->
        <test-method status="PASS" signature="tearDown()[pri:0, instance:tests.SeleniumMethods@65e2dbf3]" name="tearDown" is-config="true" duration-ms="152" started-at="2017-09-20T17:43:36Z" finished-at="2017-09-20T17:43:36Z">
          <reporter-output>
          </reporter-output>
        </test-method> <!-- tearDown -->
      </class> <!-- tests.SeleniumMethods -->
      <class name="tests.ShoppingCart">
        <test-method status="PASS" signature="shoppingCartTest()[pri:0, instance:tests.ShoppingCart@4f970963]" name="shoppingCartTest" duration-ms="57674" started-at="2017-09-20T17:42:38Z" finished-at="2017-09-20T17:43:36Z">
          <reporter-output>
          </reporter-output>
        </test-method> <!-- shoppingCartTest -->
        <test-method status="PASS" signature="getResult(org.testng.ITestResult)[pri:0, instance:tests.ShoppingCart@4f970963]" name="getResult" is-config="true" duration-ms="0" started-at="2017-09-20T17:43:36Z" finished-at="2017-09-20T17:43:36Z">
          <params>
            <param index="0">
              <value>
                <![CDATA[[TestResult name=shoppingCartTest status=SUCCESS method=ShoppingCart.shoppingCartTest()[pri:0, instance:tests.ShoppingCart@4f970963] output={null}]]]>
              </value>
            </param>
          </params>
          <reporter-output>
          </reporter-output>
        </test-method> <!-- getResult -->
      </class> <!-- tests.ShoppingCart -->
    </test> <!-- Default test -->
  </suite> <!-- Default suite -->
</testng-results>
